Analysis & Synthesis report for num_switch
Tue Jun 23 12:58:20 2020
Quartus II 64-Bit Version 13.1.0 Build 162 10/23/2013 SJ Web Edition


---------------------
; Table of Contents ;
---------------------
  1. Legal Notice
  2. Analysis & Synthesis Summary
  3. Analysis & Synthesis Settings
  4. Parallel Compilation
  5. Analysis & Synthesis Source Files Read
  6. Analysis & Synthesis Resource Usage Summary
  7. Analysis & Synthesis Resource Utilization by Entity
  8. Registers Removed During Synthesis
  9. General Register Statistics
 10. Elapsed Time Per Partition
 11. Analysis & Synthesis Messages



----------------
; Legal Notice ;
----------------
Copyright (C) 1991-2013 Altera Corporation
Your use of Altera Corporation's design tools, logic functions 
and other software and tools, and its AMPP partner logic 
functions, and any output files from any of the foregoing 
(including device programming or simulation files), and any 
associated documentation or information are expressly subject 
to the terms and conditions of the Altera Program License 
Subscription Agreement, Altera MegaCore Function License 
Agreement, or other applicable license agreement, including, 
without limitation, that your use is for the sole purpose of 
programming logic devices manufactured by Altera and sold by 
Altera or its authorized distributors.  Please refer to the 
applicable agreement for further details.



+------------------------------------------------------------------------------+
; Analysis & Synthesis Summary                                                 ;
+---------------------------------+--------------------------------------------+
; Analysis & Synthesis Status     ; Successful - Tue Jun 23 12:58:20 2020      ;
; Quartus II 64-Bit Version       ; 13.1.0 Build 162 10/23/2013 SJ Web Edition ;
; Revision Name                   ; num_switch                                 ;
; Top-level Entity Name           ; num_switch                                 ;
; Family                          ; Cyclone V                                  ;
; Logic utilization (in ALMs)     ; N/A                                        ;
; Total registers                 ; 30                                         ;
; Total pins                      ; 49                                         ;
; Total virtual pins              ; 0                                          ;
; Total block memory bits         ; 0                                          ;
; Total DSP Blocks                ; 0                                          ;
; Total HSSI RX PCSs              ; 0                                          ;
; Total HSSI PMA RX Deserializers ; 0                                          ;
; Total HSSI TX PCSs              ; 0                                          ;
; Total HSSI TX Channels          ; 0                                          ;
; Total PLLs                      ; 0                                          ;
; Total DLLs                      ; 0                                          ;
+---------------------------------+--------------------------------------------+


+---------------------------------------------------------------------------------------------------------------------------+
; Analysis & Synthesis Settings                                                                                             ;
+---------------------------------------------------------------------------------+--------------------+--------------------+
; Option                                                                          ; Setting            ; Default Value      ;
+---------------------------------------------------------------------------------+--------------------+--------------------+
; Device                                                                          ; 5CEFA2F23C8        ;                    ;
; Top-level entity name                                                           ; num_switch         ; num_switch         ;
; Family name                                                                     ; Cyclone V          ; Cyclone IV GX      ;
; Use smart compilation                                                           ; Off                ; Off                ;
; Enable parallel Assembler and TimeQuest Timing Analyzer during compilation      ; On                 ; On                 ;
; Enable compact report table                                                     ; Off                ; Off                ;
; Restructure Multiplexers                                                        ; Auto               ; Auto               ;
; MLAB Add Timing Constraints For Mixed-Port Feed-Through Mode Setting Don't Care ; Off                ; Off                ;
; Create Debugging Nodes for IP Cores                                             ; Off                ; Off                ;
; Preserve fewer node names                                                       ; On                 ; On                 ;
; Disable OpenCore Plus hardware evaluation                                       ; Off                ; Off                ;
; Verilog Version                                                                 ; Verilog_2001       ; Verilog_2001       ;
; VHDL Version                                                                    ; VHDL_1993          ; VHDL_1993          ;
; State Machine Processing                                                        ; Auto               ; Auto               ;
; Safe State Machine                                                              ; Off                ; Off                ;
; Extract Verilog State Machines                                                  ; On                 ; On                 ;
; Extract VHDL State Machines                                                     ; On                 ; On                 ;
; Ignore Verilog initial constructs                                               ; Off                ; Off                ;
; Iteration limit for constant Verilog loops                                      ; 5000               ; 5000               ;
; Iteration limit for non-constant Verilog loops                                  ; 250                ; 250                ;
; Add Pass-Through Logic to Inferred RAMs                                         ; On                 ; On                 ;
; Infer RAMs from Raw Logic                                                       ; On                 ; On                 ;
; Parallel Synthesis                                                              ; On                 ; On                 ;
; DSP Block Balancing                                                             ; Auto               ; Auto               ;
; NOT Gate Push-Back                                                              ; On                 ; On                 ;
; Power-Up Don't Care                                                             ; On                 ; On                 ;
; Remove Redundant Logic Cells                                                    ; Off                ; Off                ;
; Remove Duplicate Registers                                                      ; On                 ; On                 ;
; Ignore CARRY Buffers                                                            ; Off                ; Off                ;
; Ignore CASCADE Buffers                                                          ; Off                ; Off                ;
; Ignore GLOBAL Buffers                                                           ; Off                ; Off                ;
; Ignore ROW GLOBAL Buffers                                                       ; Off                ; Off                ;
; Ignore LCELL Buffers                                                            ; Off                ; Off                ;
; Ignore SOFT Buffers                                                             ; On                 ; On                 ;
; Limit AHDL Integers to 32 Bits                                                  ; Off                ; Off                ;
; Optimization Technique                                                          ; Balanced           ; Balanced           ;
; Carry Chain Length                                                              ; 70                 ; 70                 ;
; Auto Carry Chains                                                               ; On                 ; On                 ;
; Auto Open-Drain Pins                                                            ; On                 ; On                 ;
; Perform WYSIWYG Primitive Resynthesis                                           ; Off                ; Off                ;
; Auto ROM Replacement                                                            ; On                 ; On                 ;
; Auto RAM Replacement                                                            ; On                 ; On                 ;
; Auto DSP Block Replacement                                                      ; On                 ; On                 ;
; Auto Shift Register Replacement                                                 ; Auto               ; Auto               ;
; Allow Shift Register Merging across Hierarchies                                 ; Auto               ; Auto               ;
; Auto Clock Enable Replacement                                                   ; On                 ; On                 ;
; Strict RAM Replacement                                                          ; Off                ; Off                ;
; Allow Synchronous Control Signals                                               ; On                 ; On                 ;
; Force Use of Synchronous Clear Signals                                          ; Off                ; Off                ;
; Auto Resource Sharing                                                           ; Off                ; Off                ;
; Allow Any RAM Size For Recognition                                              ; Off                ; Off                ;
; Allow Any ROM Size For Recognition                                              ; Off                ; Off                ;
; Allow Any Shift Register Size For Recognition                                   ; Off                ; Off                ;
; Use LogicLock Constraints during Resource Balancing                             ; On                 ; On                 ;
; Ignore translate_off and synthesis_off directives                               ; Off                ; Off                ;
; Timing-Driven Synthesis                                                         ; On                 ; On                 ;
; Report Parameter Settings                                                       ; On                 ; On                 ;
; Report Source Assignments                                                       ; On                 ; On                 ;
; Report Connectivity Checks                                                      ; On                 ; On                 ;
; Ignore Maximum Fan-Out Assignments                                              ; Off                ; Off                ;
; Synchronization Register Chain Length                                           ; 3                  ; 3                  ;
; PowerPlay Power Optimization                                                    ; Normal compilation ; Normal compilation ;
; HDL message level                                                               ; Level2             ; Level2             ;
; Suppress Register Optimization Related Messages                                 ; Off                ; Off                ;
; Number of Removed Registers Reported in Synthesis Report                        ; 5000               ; 5000               ;
; Number of Swept Nodes Reported in Synthesis Report                              ; 5000               ; 5000               ;
; Number of Inverted Registers Reported in Synthesis Report                       ; 100                ; 100                ;
; Clock MUX Protection                                                            ; On                 ; On                 ;
; Auto Gated Clock Conversion                                                     ; Off                ; Off                ;
; Block Design Naming                                                             ; Auto               ; Auto               ;
; SDC constraint protection                                                       ; Off                ; Off                ;
; Synthesis Effort                                                                ; Auto               ; Auto               ;
; Shift Register Replacement - Allow Asynchronous Clear Signal                    ; On                 ; On                 ;
; Pre-Mapping Resynthesis Optimization                                            ; Off                ; Off                ;
; Analysis & Synthesis Message Level                                              ; Medium             ; Medium             ;
; Disable Register Merging Across Hierarchies                                     ; Auto               ; Auto               ;
; Resource Aware Inference For Block RAM                                          ; On                 ; On                 ;
; Synthesis Seed                                                                  ; 1                  ; 1                  ;
; Automatic Parallel Synthesis                                                    ; On                 ; On                 ;
+---------------------------------------------------------------------------------+--------------------+--------------------+


+------------------------------------------+
; Parallel Compilation                     ;
+----------------------------+-------------+
; Processors                 ; Number      ;
+----------------------------+-------------+
; Number detected on machine ; 4           ;
; Maximum allowed            ; 4           ;
;                            ;             ;
; Average used               ; 1.00        ;
; Maximum used               ; 2           ;
;                            ;             ;
; Usage by Processor         ; % Time Used ;
;     Processor 1            ; 100.0%      ;
;     Processor 2            ; < 0.1%      ;
;     Processors 3-4         ;   0.0%      ;
+----------------------------+-------------+


+-----------------------------------------------------------------------------------------------------------------------------------------------------------+
; Analysis & Synthesis Source Files Read                                                                                                                    ;
+----------------------------------+-----------------+------------------------------------------+-------------------------------------------------+---------+
; File Name with User-Entered Path ; Used in Netlist ; File Type                                ; File Name with Absolute Path                    ; Library ;
+----------------------------------+-----------------+------------------------------------------+-------------------------------------------------+---------+
; num_switch.bdf                   ; yes             ; User Block Diagram/Schematic File        ; C:/altera/13.1/number_switch/num_switch.bdf     ;         ;
; simple_compare.bdf               ; yes             ; Auto-Found Block Diagram/Schematic File  ; C:/altera/13.1/number_switch/simple_compare.bdf ;         ;
; clk_gen.bdf                      ; yes             ; Auto-Found Block Diagram/Schematic File  ; C:/altera/13.1/number_switch/clk_gen.bdf        ;         ;
; div10_t.bdf                      ; yes             ; Auto-Found Block Diagram/Schematic File  ; C:/altera/13.1/number_switch/div10_t.bdf        ;         ;
; 88led.bdf                        ; yes             ; Auto-Found Block Diagram/Schematic File  ; C:/altera/13.1/number_switch/88led.bdf          ;         ;
; rrrrrrr.vhd                      ; yes             ; Auto-Found VHDL File                     ; C:/altera/13.1/number_switch/rrrrrrr.vhd        ;         ;
; dd.vhd                           ; yes             ; Auto-Found VHDL File                     ; C:/altera/13.1/number_switch/dd.vhd             ;         ;
; qweeer.vhd                       ; yes             ; Auto-Found VHDL File                     ; C:/altera/13.1/number_switch/qweeer.vhd         ;         ;
+----------------------------------+-----------------+------------------------------------------+-------------------------------------------------+---------+


+---------------------------------------------------------------------------+
; Analysis & Synthesis Resource Usage Summary                               ;
+---------------------------------------------+-----------------------------+
; Resource                                    ; Usage                       ;
+---------------------------------------------+-----------------------------+
; Estimate of Logic utilization (ALMs needed) ; 27                          ;
;                                             ;                             ;
; Combinational ALUT usage for logic          ; 44                          ;
;     -- 7 input functions                    ; 0                           ;
;     -- 6 input functions                    ; 9                           ;
;     -- 5 input functions                    ; 0                           ;
;     -- 4 input functions                    ; 7                           ;
;     -- <=3 input functions                  ; 28                          ;
;                                             ;                             ;
; Dedicated logic registers                   ; 30                          ;
;                                             ;                             ;
; I/O pins                                    ; 49                          ;
; Total DSP Blocks                            ; 0                           ;
; Maximum fan-out node                        ; 88LED:inst5|DD:inst10|qn[0] ;
; Maximum fan-out                             ; 17                          ;
; Total fan-out                               ; 275                         ;
; Average fan-out                             ; 1.60                        ;
+---------------------------------------------+-----------------------------+


+-------------------------------------------------------------------------------------------------------------------------------------------------------------------------------+
; Analysis & Synthesis Resource Utilization by Entity                                                                                                                           ;
+----------------------------+-------------------+--------------+-------------------+------------+------+--------------+-----------------------------------------+--------------+
; Compilation Hierarchy Node ; LC Combinationals ; LC Registers ; Block Memory Bits ; DSP Blocks ; Pins ; Virtual Pins ; Full Hierarchy Name                     ; Library Name ;
+----------------------------+-------------------+--------------+-------------------+------------+------+--------------+-----------------------------------------+--------------+
; |num_switch                ; 44 (0)            ; 30 (0)       ; 0                 ; 0          ; 49   ; 0            ; |num_switch                             ; work         ;
;    |88LED:inst5|           ; 14 (8)            ; 3 (0)        ; 0                 ; 0          ; 0    ; 0            ; |num_switch|88LED:inst5                 ; work         ;
;       |DD:inst10|          ; 3 (3)             ; 3 (3)        ; 0                 ; 0          ; 0    ; 0            ; |num_switch|88LED:inst5|DD:inst10       ; work         ;
;       |RRRRRRR:inst1|      ; 1 (1)             ; 0 (0)        ; 0                 ; 0          ; 0    ; 0            ; |num_switch|88LED:inst5|RRRRRRR:inst1   ; work         ;
;       |qweeer:inst2|       ; 2 (2)             ; 0 (0)        ; 0                 ; 0          ; 0    ; 0            ; |num_switch|88LED:inst5|qweeer:inst2    ; work         ;
;    |clk_gen:inst4|         ; 27 (0)            ; 27 (0)       ; 0                 ; 0          ; 0    ; 0            ; |num_switch|clk_gen:inst4               ; work         ;
;       |div10_t:inst1|      ; 4 (4)             ; 4 (4)        ; 0                 ; 0          ; 0    ; 0            ; |num_switch|clk_gen:inst4|div10_t:inst1 ; work         ;
;       |div10_t:inst2|      ; 4 (4)             ; 4 (4)        ; 0                 ; 0          ; 0    ; 0            ; |num_switch|clk_gen:inst4|div10_t:inst2 ; work         ;
;       |div10_t:inst3|      ; 4 (4)             ; 4 (4)        ; 0                 ; 0          ; 0    ; 0            ; |num_switch|clk_gen:inst4|div10_t:inst3 ; work         ;
;       |div10_t:inst4|      ; 3 (3)             ; 3 (3)        ; 0                 ; 0          ; 0    ; 0            ; |num_switch|clk_gen:inst4|div10_t:inst4 ; work         ;
;       |div10_t:inst5|      ; 4 (4)             ; 4 (4)        ; 0                 ; 0          ; 0    ; 0            ; |num_switch|clk_gen:inst4|div10_t:inst5 ; work         ;
;       |div10_t:inst6|      ; 4 (4)             ; 4 (4)        ; 0                 ; 0          ; 0    ; 0            ; |num_switch|clk_gen:inst4|div10_t:inst6 ; work         ;
;       |div10_t:inst|       ; 4 (4)             ; 4 (4)        ; 0                 ; 0          ; 0    ; 0            ; |num_switch|clk_gen:inst4|div10_t:inst  ; work         ;
;    |simple_compare:inst|   ; 3 (3)             ; 0 (0)        ; 0                 ; 0          ; 0    ; 0            ; |num_switch|simple_compare:inst         ; work         ;
+----------------------------+-------------------+--------------+-------------------+------------+------+--------------+-----------------------------------------+--------------+
Note: For table entries with two numbers listed, the numbers in parentheses indicate the number of resources of the given type used by the specific entity alone. The numbers listed outside of parentheses indicate the total resources of the given type used by the specific entity and all of its sub-entities in the hierarchy.


+---------------------------------------------------------------------------------+
; Registers Removed During Synthesis                                              ;
+---------------------------------------+-----------------------------------------+
; Register name                         ; Reason for Removal                      ;
+---------------------------------------+-----------------------------------------+
; 88LED:inst5|DD:inst9|qn[2]            ; Merged with 88LED:inst5|DD:inst10|qn[2] ;
; 88LED:inst5|DD:inst9|qn[1]            ; Merged with 88LED:inst5|DD:inst10|qn[1] ;
; 88LED:inst5|DD:inst9|qn[0]            ; Merged with 88LED:inst5|DD:inst10|qn[0] ;
; 88LED:inst5|DD:inst9|qn[3]            ; Merged with 88LED:inst5|DD:inst10|qn[3] ;
; clk_gen:inst4|div10_t:inst4|5         ; Merged with 88LED:inst5|DD:inst10|qn[0] ;
; 88LED:inst5|DD:inst10|qn[3]           ; Lost fanout                             ;
; Total Number of Removed Registers = 6 ;                                         ;
+---------------------------------------+-----------------------------------------+


+------------------------------------------------------+
; General Register Statistics                          ;
+----------------------------------------------+-------+
; Statistic                                    ; Value ;
+----------------------------------------------+-------+
; Total registers                              ; 30    ;
; Number of registers using Synchronous Clear  ; 0     ;
; Number of registers using Synchronous Load   ; 0     ;
; Number of registers using Asynchronous Clear ; 0     ;
; Number of registers using Asynchronous Load  ; 0     ;
; Number of registers using Clock Enable       ; 0     ;
; Number of registers using Preset             ; 0     ;
+----------------------------------------------+-------+


+-------------------------------+
; Elapsed Time Per Partition    ;
+----------------+--------------+
; Partition Name ; Elapsed Time ;
+----------------+--------------+
; Top            ; 00:00:00     ;
+----------------+--------------+


+-------------------------------+
; Analysis & Synthesis Messages ;
+-------------------------------+
Info: *******************************************************************
Info: Running Quartus II 64-Bit Analysis & Synthesis
    Info: Version 13.1.0 Build 162 10/23/2013 SJ Web Edition
    Info: Processing started: Tue Jun 23 12:58:18 2020
Info: Command: quartus_map --read_settings_files=on --write_settings_files=off num_switch -c num_switch
Info (20030): Parallel compilation is enabled and will use 4 of the 4 processors detected
Info (12021): Found 1 design units, including 1 entities, in source file num_switch.bdf
    Info (12023): Found entity 1: num_switch
Info (12127): Elaborating entity "num_switch" for the top level hierarchy
Warning (12125): Using design file simple_compare.bdf, which is not specified as a design file for the current project, but contains definitions for 1 design units and 1 entities in project
    Info (12023): Found entity 1: simple_compare
Info (12128): Elaborating entity "simple_compare" for hierarchy "simple_compare:inst"
Warning (275011): Block or symbol "AND8" of instance "inst" overlaps another block or symbol
Warning (12125): Using design file clk_gen.bdf, which is not specified as a design file for the current project, but contains definitions for 1 design units and 1 entities in project
    Info (12023): Found entity 1: clk_gen
Info (12128): Elaborating entity "clk_gen" for hierarchy "clk_gen:inst4"
Warning (12125): Using design file div10_t.bdf, which is not specified as a design file for the current project, but contains definitions for 1 design units and 1 entities in project
    Info (12023): Found entity 1: div10_t
Info (12128): Elaborating entity "div10_t" for hierarchy "clk_gen:inst4|div10_t:inst3"
Warning (12125): Using design file 88led.bdf, which is not specified as a design file for the current project, but contains definitions for 1 design units and 1 entities in project
    Info (12023): Found entity 1: 88LED
Info (12128): Elaborating entity "88LED" for hierarchy "88LED:inst5"
Warning (12125): Using design file rrrrrrr.vhd, which is not specified as a design file for the current project, but contains definitions for 2 design units and 1 entities in project
    Info (12022): Found design unit 1: RRRRRRR-rewq
    Info (12023): Found entity 1: RRRRRRR
Info (12128): Elaborating entity "RRRRRRR" for hierarchy "88LED:inst5|RRRRRRR:inst1"
Warning (12125): Using design file dd.vhd, which is not specified as a design file for the current project, but contains definitions for 2 design units and 1 entities in project
    Info (12022): Found design unit 1: DD-a
    Info (12023): Found entity 1: DD
Info (12128): Elaborating entity "DD" for hierarchy "88LED:inst5|DD:inst10"
Warning (12125): Using design file qweeer.vhd, which is not specified as a design file for the current project, but contains definitions for 2 design units and 1 entities in project
    Info (12022): Found design unit 1: qweeer-rewq
    Info (12023): Found entity 1: qweeer
Info (12128): Elaborating entity "qweeer" for hierarchy "88LED:inst5|qweeer:inst2"
Warning (13024): Output pins are stuck at VCC or GND
    Warning (13410): Pin "DE1" is stuck at GND
    Warning (13410): Pin "DE2" is stuck at GND
    Warning (13410): Pin "DE3" is stuck at GND
    Warning (13410): Pin "pin_name2" is stuck at GND
    Warning (13410): Pin "pin_name3" is stuck at GND
    Warning (13410): Pin "pin_name4" is stuck at GND
    Warning (13410): Pin "pin_name5" is stuck at GND
    Warning (13410): Pin "pin_name6" is stuck at GND
    Warning (13410): Pin "pin_name7" is stuck at GND
    Warning (13410): Pin "pin_name8" is stuck at GND
    Warning (13410): Pin "pin_name9" is stuck at GND
    Warning (13410): Pin "pin_name10" is stuck at VCC
    Warning (13410): Pin "pin_name18" is stuck at GND
    Warning (13410): Pin "pin_name19" is stuck at GND
    Warning (13410): Pin "pin_name20" is stuck at GND
    Warning (13410): Pin "G[7]" is stuck at GND
    Warning (13410): Pin "G[6]" is stuck at GND
    Warning (13410): Pin "G[5]" is stuck at GND
    Warning (13410): Pin "G[4]" is stuck at GND
    Warning (13410): Pin "G[3]" is stuck at GND
    Warning (13410): Pin "G[2]" is stuck at GND
    Warning (13410): Pin "G[1]" is stuck at GND
    Warning (13410): Pin "G[0]" is stuck at GND
Info (286030): Timing-Driven Synthesis is running
Info (17049): 1 registers lost all their fanouts during netlist optimizations.
Info (16010): Generating hard_block partition "hard_block:auto_generated_inst"
    Info (16011): Adding 0 node(s), including 0 DDIO, 0 PLL, 0 transceiver and 0 LCELL
Info (21057): Implemented 93 device resources after synthesis - the final resource count might be different
    Info (21058): Implemented 9 input pins
    Info (21059): Implemented 40 output pins
    Info (21061): Implemented 44 logic cells
Info: Quartus II 64-Bit Analysis & Synthesis was successful. 0 errors, 32 warnings
    Info: Peak virtual memory: 607 megabytes
    Info: Processing ended: Tue Jun 23 12:58:20 2020
    Info: Elapsed time: 00:00:02
    Info: Total CPU time (on all processors): 00:00:02


